make all --print-data-base --no-builtin-variables --no-builtin-rules --question
# GNU Make 3.81
# Copyright (C) 2006  Free Software Foundation, Inc.
# This is free software; see the source for copying conditions.
# There is NO warranty; not even for MERCHANTABILITY or FITNESS FOR A
# PARTICULAR PURPOSE.

# This program built for i386-apple-darwin11.3.0

# Make data base, printed on Tue Aug  2 11:21:19 2022

# Variables

# automatic
<D = $(patsubst %/,%,$(dir $<))
# automatic
?F = $(notdir $?)
# makefile (from `Makefile', line 3)
NAMESPACE = zos
# automatic
?D = $(patsubst %/,%,$(dir $?))
# automatic
@D = $(patsubst %/,%,$(dir $@))
# automatic
@F = $(notdir $@)
# makefile
CURDIR := /Users/yuzhejun/Downloads/terraform-provider-zosmf-main
# makefile
SHELL = /bin/sh
# environment
VSCODE_NLS_CONFIG = {"locale":"zh-cn","availableLanguages":{"*":"zh-cn"},"_languagePackId":"1d735750dbb1b9066c7513078396ba0f.zh-cn","_translationsConfigFile":"/Users/yuzhejun/Library/Application Support/Code/clp/1d735750dbb1b9066c7513078396ba0f.zh-cn/tcf.json","_cacheRoot":"/Users/yuzhejun/Library/Application Support/Code/clp/1d735750dbb1b9066c7513078396ba0f.zh-cn","_resolvedLanguagePackCoreLocation":"/Users/yuzhejun/Library/Application Support/Code/clp/1d735750dbb1b9066c7513078396ba0f.zh-cn/b06ae3b2d2dbfe28bca3134cc6be65935cdfea6a","_corruptedFile":"/Users/yuzhejun/Library/Application Support/Code/clp/1d735750dbb1b9066c7513078396ba0f.zh-cn/corrupted.info","_languagePackSupport":true}
# environment
_ = /usr/bin/make
# makefile (from `Makefile', line 1)
MAKEFILE_LIST :=  Makefile
# environment
VSCODE_AMD_ENTRYPOINT = vs/workbench/api/node/extensionHostProcess
# makefile (from `Makefile', line 6)
VERSION = 0.1
# environment
__CFBundleIdentifier = com.microsoft.VSCode
# environment
INFOPATH = /usr/local/share/info:
# environment
VSCODE_CWD = /
# environment
GOPROXY = https://goproxy.cn
# environment
PATH = /Users/yuzhejun/opt/anaconda3/bin:/Users/yuzhejun/opt/anaconda3/condabin:/usr/local/bin:/usr/local/sbin:/Library/Frameworks/Python.framework/Versions/3.10/bin:/opt/local/bin:/opt/local/sbin:/usr/local/bin:/usr/bin:/bin:/usr/sbin:/sbin:/Applications/VMware Fusion.app/Contents/Public:/Library/TeX/texbin:/usr/local/go/bin:/opt/X11/bin:/Library/Apple/usr/bin:/Users/yuzhejun/nodereps/npm-prefix/bin
# environment
GOPATH = /Users/yuzhejun/go
# environment
ELECTRON_RUN_AS_NODE = 1
# default
.FEATURES := target-specific order-only second-expansion else-if archives jobserver check-symlink
# environment
SSH_AUTH_SOCK = /private/tmp/com.apple.launchd.paDeojIMBB/Listeners
# automatic
%F = $(notdir $%)
# environment
DISPLAY = /private/tmp/com.apple.launchd.fJAvS8C4Ko/org.xquartz:0
# environment
CONDA_EXE = /Users/yuzhejun/opt/anaconda3/bin/conda
# environment
PWD = /Users/yuzhejun/Downloads/terraform-provider-zosmf-main
# environment
HOMEBREW_CELLAR = /usr/local/Cellar
# environment
ORIGINAL_XDG_CURRENT_DESKTOP = undefined
# environment
MANPATH = /usr/local/share/man::
# environment
GOMODCACHE = /Users/yuzhejun/go/pkg/mod
# environment
HOME = /Users/yuzhejun
# default
MAKEFILEPATH := /Applications/Xcode.app/Contents/Developer/Makefiles
# makefile (from `Makefile', line 5)
BINARY = terraform-provider-${NAME}
# environment
VSCODE_CODE_CACHE_PATH = /Users/yuzhejun/Library/Application Support/Code/CachedData/b06ae3b2d2dbfe28bca3134cc6be65935cdfea6a
# environment
LOGNAME = yuzhejun
# environment
APPLICATION_INSIGHTS_NO_DIAGNOSTIC_CHANNEL = 1
# environment
CONDA_PROMPT_MODIFIER = (base) 
# makefile (from `Makefile', line 7)
OS_ARCH = darwin_amd64
# environment
VSCODE_HANDLES_UNCAUGHT_ERRORS = true
# automatic
^D = $(patsubst %/,%,$(dir $^))
# makefile (from `Makefile', line 2)
HOSTNAME = ibm.com
# makefile (from `Makefile', line 1)
TEST = $$(go list ./... | grep -v 'vendor')
# environment
CONDA_DEFAULT_ENV = base
# environment
XPC_FLAGS = 0x0
# default
MAKE = $(MAKE_COMMAND)
# default
MAKECMDGOALS := all
# environment
SHLVL = 1
# default
MAKE_VERSION := 3.81
# environment
USER = yuzhejun
# makefile
.DEFAULT_GOAL := default
# environment
HOMEBREW_BOTTLE_DOMAIN = https://mirrors.ustc.edu.cn/homebrew-bottles/bottles
# makefile (from `Makefile', line 4)
NAME = zosmf
# automatic
%D = $(patsubst %/,%,$(dir $%))
# environment
CONDA_SHLVL = 1
# default
MAKE_COMMAND := /Applications/Xcode.app/Contents/Developer/usr/bin/make
# default
.VARIABLES := 
# environment
TMPDIR = /var/folders/td/_6xy3sr96p9bqh418p9hlmd40000gn/T/
# automatic
*F = $(notdir $*)
# environment
VSCODE_IPC_HOOK = /Users/yuzhejun/Library/Application Support/Code/1.69.1-main.sock
# environment
MallocNanoZone = 0
# makefile
MAKEFLAGS = Rrqp
# environment
MFLAGS = -Rrqp
# automatic
*D = $(patsubst %/,%,$(dir $*))
# environment
XPC_SERVICE_NAME = application.com.microsoft.VSCode.57043315.57043321
# environment
HOMEBREW_PREFIX = /usr/local
# automatic
+D = $(patsubst %/,%,$(dir $+))
# automatic
+F = $(notdir $+)
# environment
HOMEBREW_REPOSITORY = /usr/local/Homebrew
# environment
__CF_USER_TEXT_ENCODING = 0x1F5:0x19:0x34
# environment
COMMAND_MODE = unix2003
# default
MAKEFILES := 
# automatic
<F = $(notdir $<)
# environment
LC_ALL = C
# environment
CONDA_PYTHON_EXE = /Users/yuzhejun/opt/anaconda3/bin/python
# automatic
^F = $(notdir $^)
# default
SUFFIXES := 
# environment
_CE_M = 
# default
.INCLUDE_DIRS = /usr/local/include
# environment
MAKELEVEL := 0
# environment
CONDA_PREFIX = /Users/yuzhejun/opt/anaconda3
# environment
VSCODE_PID = 28622
# environment
_CE_CONDA = 
# environment
LANG = C
# variable set hash-table stats:
# Load=83/1024=8%, Rehash=0, Collisions=4/108=4%

# Pattern-specific Variable Values

# No pattern-specific variable values.

# Directories

# . (device 16777225, inode 57034701): 15 files, no impossibilities.

# 15 files, no impossibilities in 1 directories.

# Implicit Rules

# No implicit rules.

# Files

testacc:
#  Implicit rule search has not been done.
#  Modification time never checked.
#  File has not been updated.
#  commands to execute (from `Makefile', line 41):
	TF_ACC=1 go test $(TEST) -v $(TESTARGS) -timeout 120m
	

# Not a target:
all:
#  Command-line target.
#  Implicit rule search has been done.
#  File does not exist.
#  File has not been updated.
# variable set hash-table stats:
# Load=0/32=0%, Rehash=0, Collisions=0/0=0%

# Not a target:
.SUFFIXES:
#  Implicit rule search has not been done.
#  Modification time never checked.
#  File has not been updated.

# Not a target:
Makefile:
#  Implicit rule search has been done.
#  Last modified 2022-06-27 16:24:35
#  File has been updated.
#  Successfully updated.
# variable set hash-table stats:
# Load=0/32=0%, Rehash=0, Collisions=0/0=0%

test:
#  Implicit rule search has not been done.
#  Modification time never checked.
#  File has not been updated.
#  commands to execute (from `Makefile', line 37):
	go test -i $(TEST) || exit 1
	echo $(TEST) | xargs -t -n4 go test $(TESTARGS) -timeout=30s -parallel=4
	

build:
#  Implicit rule search has not been done.
#  Modification time never checked.
#  File has not been updated.
#  commands to execute (from `Makefile', line 12):
	go build -o ${BINARY}
	

install-example: install
#  Implicit rule search has not been done.
#  Modification time never checked.
#  File has not been updated.
#  commands to execute (from `Makefile', line 34):
	mv ~/.terraform.d/plugins/${HOSTNAME}/${NAMESPACE}/${NAME}/${VERSION}/${OS_ARCH}/terraform-provider-zosmf ./example/plugins
	

default: install
#  Implicit rule search has not been done.
#  Modification time never checked.
#  File has not been updated.

release:
#  Implicit rule search has not been done.
#  Modification time never checked.
#  File has not been updated.
#  commands to execute (from `Makefile', line 15):
	GOOS=darwin GOARCH=amd64 go build -o ./bin/${BINARY}_${VERSION}_darwin_amd64
	GOOS=freebsd GOARCH=386 go build -o ./bin/${BINARY}_${VERSION}_freebsd_386
	GOOS=freebsd GOARCH=amd64 go build -o ./bin/${BINARY}_${VERSION}_freebsd_amd64
	GOOS=freebsd GOARCH=arm go build -o ./bin/${BINARY}_${VERSION}_freebsd_arm
	GOOS=linux GOARCH=386 go build -o ./bin/${BINARY}_${VERSION}_linux_386
	GOOS=linux GOARCH=amd64 go build -o ./bin/${BINARY}_${VERSION}_linux_amd64
	GOOS=linux GOARCH=arm go build -o ./bin/${BINARY}_${VERSION}_linux_arm
 
make: *** No rule to make target `all'.  Stop.

	GOOS=openbsd GOARCH=386 go build -o ./bin/${BINARY}_${VERSION}_openbsd_386
	GOOS=openbsd GOARCH=amd64 go build -o ./bin/${BINARY}_${VERSION}_openbsd_amd64
	GOOS=solaris GOARCH=amd64 go build -o ./bin/${BINARY}_${VERSION}_solaris_amd64
	GOOS=windows GOARCH=386 go build -o ./bin/${BINARY}_${VERSION}_windows_386
	GOOS=windows GOARCH=amd64 go build -o ./bin/${BINARY}_${VERSION}_windows_amd64
	

# Not a target:
.DEFAULT:
#  Implicit rule search has not been done.
#  Modification time never checked.
#  File has not been updated.

install: build
#  Implicit rule search has not been done.
#  Modification time never checked.
#  File has not been updated.
#  commands to execute (from `Makefile', line 29):
	mkdir -p ~/.terraform.d/plugins/${HOSTNAME}/${NAMESPACE}/${NAME}/${VERSION}/${OS_ARCH}
	mv ${BINARY} ~/.terraform.d/plugins/${HOSTNAME}/${NAMESPACE}/${NAME}/${VERSION}/${OS_ARCH}
	

# files hash-table stats:
# Load=11/1024=1%, Rehash=0, Collisions=0/26=0%
# VPATH Search Paths

# No `vpath' search paths.

# No general (`VPATH' variable) search path.

# # of strings in strcache: 1
# # of strcache buffers: 1
# strcache size: total = 4096 / max = 4096 / min = 4096 / avg = 4096
# strcache free: total = 4087 / max = 4087 / min = 4087 / avg = 4087

# Finished Make data base on Tue Aug  2 11:21:19 2022

 
